{"C:\\Users\\mariembj\\Desktop\\aura-modern-view\\server\\server.js": {"path":"C:\\Users\\mariembj\\Desktop\\aura-modern-view\\server\\server.js","statementMap":{"0":{"start":{"line":1,"column":16},"end":{"line":1,"column":34}},"1":{"start":{"line":2,"column":17},"end":{"line":2,"column":36}},"2":{"start":{"line":3,"column":13},"end":{"line":3,"column":28}},"3":{"start":{"line":4,"column":0},"end":{"line":4,"column":27}},"4":{"start":{"line":6,"column":12},"end":{"line":6,"column":21}},"5":{"start":{"line":7,"column":13},"end":{"line":7,"column":37}},"6":{"start":{"line":10,"column":0},"end":{"line":10,"column":16}},"7":{"start":{"line":11,"column":0},"end":{"line":11,"column":24}},"8":{"start":{"line":14,"column":0},"end":{"line":17,"column":3}},"9":{"start":{"line":19,"column":11},"end":{"line":19,"column":30}},"10":{"start":{"line":20,"column":0},"end":{"line":20,"column":73}},"11":{"start":{"line":21,"column":0},"end":{"line":23,"column":3}},"12":{"start":{"line":22,"column":2},"end":{"line":22,"column":38}},"13":{"start":{"line":26,"column":20},"end":{"line":26,"column":51}},"14":{"start":{"line":27,"column":19},"end":{"line":27,"column":49}},"15":{"start":{"line":28,"column":19},"end":{"line":28,"column":49}},"16":{"start":{"line":29,"column":26},"end":{"line":29,"column":63}},"17":{"start":{"line":30,"column":22},"end":{"line":30,"column":55}},"18":{"start":{"line":31,"column":25},"end":{"line":31,"column":61}},"19":{"start":{"line":32,"column":20},"end":{"line":32,"column":51}},"20":{"start":{"line":35,"column":0},"end":{"line":38,"column":3}},"21":{"start":{"line":36,"column":2},"end":{"line":36,"column":66}},"22":{"start":{"line":37,"column":2},"end":{"line":37,"column":9}},"23":{"start":{"line":40,"column":0},"end":{"line":40,"column":43}},"24":{"start":{"line":41,"column":0},"end":{"line":41,"column":36}},"25":{"start":{"line":42,"column":0},"end":{"line":42,"column":34}},"26":{"start":{"line":43,"column":0},"end":{"line":43,"column":33}},"27":{"start":{"line":44,"column":0},"end":{"line":44,"column":47}},"28":{"start":{"line":45,"column":0},"end":{"line":45,"column":40}},"29":{"start":{"line":46,"column":0},"end":{"line":46,"column":45}},"30":{"start":{"line":47,"column":0},"end":{"line":47,"column":35}},"31":{"start":{"line":50,"column":0},"end":{"line":52,"column":3}},"32":{"start":{"line":51,"column":2},"end":{"line":51,"column":59}},"33":{"start":{"line":55,"column":0},"end":{"line":81,"column":3}},"34":{"start":{"line":56,"column":2},"end":{"line":56,"column":73}},"35":{"start":{"line":57,"column":2},"end":{"line":80,"column":5}},"36":{"start":{"line":84,"column":0},"end":{"line":87,"column":3}},"37":{"start":{"line":85,"column":2},"end":{"line":85,"column":52}},"38":{"start":{"line":86,"column":2},"end":{"line":86,"column":81}},"39":{"start":{"line":90,"column":0},"end":{"line":94,"column":1}},"40":{"start":{"line":91,"column":17},"end":{"line":93,"column":4}},"41":{"start":{"line":92,"column":4},"end":{"line":92,"column":53}},"42":{"start":{"line":97,"column":0},"end":{"line":97,"column":21}}},"fnMap":{"0":{"name":"(anonymous_0)","decl":{"start":{"line":21,"column":16},"end":{"line":21,"column":17}},"loc":{"start":{"line":21,"column":22},"end":{"line":23,"column":1}},"line":21},"1":{"name":"(anonymous_1)","decl":{"start":{"line":35,"column":8},"end":{"line":35,"column":9}},"loc":{"start":{"line":35,"column":28},"end":{"line":38,"column":1}},"line":35},"2":{"name":"(anonymous_2)","decl":{"start":{"line":50,"column":23},"end":{"line":50,"column":24}},"loc":{"start":{"line":50,"column":37},"end":{"line":52,"column":1}},"line":50},"3":{"name":"(anonymous_3)","decl":{"start":{"line":55,"column":18},"end":{"line":55,"column":19}},"loc":{"start":{"line":55,"column":32},"end":{"line":81,"column":1}},"line":55},"4":{"name":"(anonymous_4)","decl":{"start":{"line":84,"column":8},"end":{"line":84,"column":9}},"loc":{"start":{"line":84,"column":33},"end":{"line":87,"column":1}},"line":84},"5":{"name":"(anonymous_5)","decl":{"start":{"line":91,"column":34},"end":{"line":91,"column":35}},"loc":{"start":{"line":91,"column":40},"end":{"line":93,"column":3}},"line":91}},"branchMap":{"0":{"loc":{"start":{"line":7,"column":13},"end":{"line":7,"column":37}},"type":"binary-expr","locations":[{"start":{"line":7,"column":13},"end":{"line":7,"column":29}},{"start":{"line":7,"column":33},"end":{"line":7,"column":37}}],"line":7},"1":{"loc":{"start":{"line":14,"column":17},"end":{"line":14,"column":84}},"type":"binary-expr","locations":[{"start":{"line":14,"column":17},"end":{"line":14,"column":40}},{"start":{"line":14,"column":44},"end":{"line":14,"column":84}}],"line":14},"2":{"loc":{"start":{"line":90,"column":0},"end":{"line":94,"column":1}},"type":"if","locations":[{"start":{"line":90,"column":0},"end":{"line":94,"column":1}},{"start":{},"end":{}}],"line":90}},"s":{"0":1,"1":1,"2":1,"3":1,"4":1,"5":1,"6":1,"7":1,"8":1,"9":1,"10":1,"11":1,"12":1,"13":1,"14":1,"15":1,"16":1,"17":1,"18":1,"19":1,"20":1,"21":9,"22":9,"23":1,"24":1,"25":1,"26":1,"27":1,"28":1,"29":1,"30":1,"31":1,"32":0,"33":1,"34":0,"35":0,"36":1,"37":0,"38":0,"39":1,"40":0,"41":0,"42":1},"f":{"0":1,"1":9,"2":0,"3":0,"4":0,"5":0},"b":{"0":[1,0],"1":[1,0],"2":[0,1]},"_coverageSchema":"1a1c01bbd47fc00a2c39e90264f33305004495a9","hash":"f14d8804a6b1669f7cc05e77e93ef70074e99485"}
,"C:\\Users\\mariembj\\Desktop\\aura-modern-view\\server\\middleware\\auth.js": {"path":"C:\\Users\\mariembj\\Desktop\\aura-modern-view\\server\\middleware\\auth.js","statementMap":{"0":{"start":{"line":2,"column":12},"end":{"line":2,"column":35}},"1":{"start":{"line":3,"column":13},"end":{"line":3,"column":38}},"2":{"start":{"line":5,"column":13},"end":{"line":44,"column":1}},"3":{"start":{"line":6,"column":2},"end":{"line":43,"column":3}},"4":{"start":{"line":7,"column":18},"end":{"line":7,"column":69}},"5":{"start":{"line":9,"column":4},"end":{"line":11,"column":5}},"6":{"start":{"line":10,"column":6},"end":{"line":10,"column":84}},"7":{"start":{"line":14,"column":20},"end":{"line":14,"column":91}},"8":{"start":{"line":15,"column":17},"end":{"line":15,"column":48}},"9":{"start":{"line":17,"column":4},"end":{"line":19,"column":5}},"10":{"start":{"line":18,"column":6},"end":{"line":18,"column":65}},"11":{"start":{"line":21,"column":4},"end":{"line":27,"column":7}},"12":{"start":{"line":29,"column":4},"end":{"line":29,"column":20}},"13":{"start":{"line":30,"column":4},"end":{"line":30,"column":11}},"14":{"start":{"line":32,"column":4},"end":{"line":32,"column":51}},"15":{"start":{"line":35,"column":4},"end":{"line":37,"column":5}},"16":{"start":{"line":36,"column":6},"end":{"line":36,"column":65}},"17":{"start":{"line":38,"column":4},"end":{"line":40,"column":5}},"18":{"start":{"line":39,"column":6},"end":{"line":39,"column":65}},"19":{"start":{"line":42,"column":4},"end":{"line":42,"column":56}},"20":{"start":{"line":46,"column":0},"end":{"line":46,"column":22}}},"fnMap":{"0":{"name":"(anonymous_0)","decl":{"start":{"line":5,"column":13},"end":{"line":5,"column":14}},"loc":{"start":{"line":5,"column":39},"end":{"line":44,"column":1}},"line":5}},"branchMap":{"0":{"loc":{"start":{"line":9,"column":4},"end":{"line":11,"column":5}},"type":"if","locations":[{"start":{"line":9,"column":4},"end":{"line":11,"column":5}},{"start":{},"end":{}}],"line":9},"1":{"loc":{"start":{"line":14,"column":38},"end":{"line":14,"column":90}},"type":"binary-expr","locations":[{"start":{"line":14,"column":38},"end":{"line":14,"column":60}},{"start":{"line":14,"column":64},"end":{"line":14,"column":90}}],"line":14},"2":{"loc":{"start":{"line":17,"column":4},"end":{"line":19,"column":5}},"type":"if","locations":[{"start":{"line":17,"column":4},"end":{"line":19,"column":5}},{"start":{},"end":{}}],"line":17},"3":{"loc":{"start":{"line":35,"column":4},"end":{"line":37,"column":5}},"type":"if","locations":[{"start":{"line":35,"column":4},"end":{"line":37,"column":5}},{"start":{},"end":{}}],"line":35},"4":{"loc":{"start":{"line":38,"column":4},"end":{"line":40,"column":5}},"type":"if","locations":[{"start":{"line":38,"column":4},"end":{"line":40,"column":5}},{"start":{},"end":{}}],"line":38}},"s":{"0":0,"1":0,"2":0,"3":0,"4":0,"5":0,"6":0,"7":0,"8":0,"9":0,"10":0,"11":0,"12":0,"13":0,"14":0,"15":0,"16":0,"17":0,"18":0,"19":0,"20":0},"f":{"0":0},"b":{"0":[0,0],"1":[0,0],"2":[0,0],"3":[0,0],"4":[0,0]}}
,"C:\\Users\\mariembj\\Desktop\\aura-modern-view\\server\\models\\Activity.js": {"path":"C:\\Users\\mariembj\\Desktop\\aura-modern-view\\server\\models\\Activity.js","statementMap":{"0":{"start":{"line":2,"column":17},"end":{"line":2,"column":36}},"1":{"start":{"line":4,"column":23},"end":{"line":23,"column":2}},"2":{"start":{"line":25,"column":0},"end":{"line":25,"column":60}}},"fnMap":{},"branchMap":{},"s":{"0":1,"1":1,"2":1},"f":{},"b":{},"_coverageSchema":"1a1c01bbd47fc00a2c39e90264f33305004495a9","hash":"11eef9e674d8c2599fe994c344a068ed34ad6e90"}
,"C:\\Users\\mariembj\\Desktop\\aura-modern-view\\server\\models\\Asset.js": {"path":"C:\\Users\\mariembj\\Desktop\\aura-modern-view\\server\\models\\Asset.js","statementMap":{"0":{"start":{"line":2,"column":17},"end":{"line":2,"column":36}},"1":{"start":{"line":4,"column":20},"end":{"line":117,"column":2}},"2":{"start":{"line":86,"column":6},"end":{"line":86,"column":16}},"3":{"start":{"line":93,"column":6},"end":{"line":93,"column":16}},"4":{"start":{"line":102,"column":6},"end":{"line":102,"column":37}},"5":{"start":{"line":102,"column":22},"end":{"line":102,"column":37}},"6":{"start":{"line":103,"column":6},"end":{"line":103,"column":55}},"7":{"start":{"line":103,"column":31},"end":{"line":103,"column":55}},"8":{"start":{"line":104,"column":6},"end":{"line":104,"column":39}},"9":{"start":{"line":104,"column":23},"end":{"line":104,"column":39}},"10":{"start":{"line":105,"column":6},"end":{"line":105,"column":17}},"11":{"start":{"line":111,"column":6},"end":{"line":111,"column":37}},"12":{"start":{"line":111,"column":22},"end":{"line":111,"column":37}},"13":{"start":{"line":112,"column":6},"end":{"line":112,"column":55}},"14":{"start":{"line":112,"column":31},"end":{"line":112,"column":55}},"15":{"start":{"line":113,"column":6},"end":{"line":113,"column":39}},"16":{"start":{"line":113,"column":23},"end":{"line":113,"column":39}},"17":{"start":{"line":114,"column":6},"end":{"line":114,"column":17}},"18":{"start":{"line":120,"column":0},"end":{"line":120,"column":46}},"19":{"start":{"line":121,"column":0},"end":{"line":121,"column":34}},"20":{"start":{"line":122,"column":0},"end":{"line":122,"column":54}},"21":{"start":{"line":123,"column":0},"end":{"line":123,"column":51}},"22":{"start":{"line":124,"column":0},"end":{"line":124,"column":46}},"23":{"start":{"line":125,"column":0},"end":{"line":125,"column":38}},"24":{"start":{"line":128,"column":0},"end":{"line":154,"column":3}},"25":{"start":{"line":129,"column":2},"end":{"line":129,"column":57}},"26":{"start":{"line":130,"column":2},"end":{"line":130,"column":40}},"27":{"start":{"line":131,"column":2},"end":{"line":131,"column":50}},"28":{"start":{"line":132,"column":2},"end":{"line":132,"column":48}},"29":{"start":{"line":133,"column":2},"end":{"line":133,"column":66}},"30":{"start":{"line":135,"column":2},"end":{"line":138,"column":3}},"31":{"start":{"line":136,"column":4},"end":{"line":136,"column":86}},"32":{"start":{"line":137,"column":4},"end":{"line":137,"column":21}},"33":{"start":{"line":139,"column":2},"end":{"line":142,"column":3}},"34":{"start":{"line":140,"column":4},"end":{"line":140,"column":85}},"35":{"start":{"line":141,"column":4},"end":{"line":141,"column":20}},"36":{"start":{"line":143,"column":2},"end":{"line":146,"column":3}},"37":{"start":{"line":144,"column":4},"end":{"line":144,"column":94}},"38":{"start":{"line":145,"column":4},"end":{"line":145,"column":29}},"39":{"start":{"line":148,"column":2},"end":{"line":148,"column":49}},"40":{"start":{"line":149,"column":2},"end":{"line":149,"column":44}},"41":{"start":{"line":150,"column":2},"end":{"line":150,"column":42}},"42":{"start":{"line":151,"column":2},"end":{"line":151,"column":60}},"43":{"start":{"line":153,"column":2},"end":{"line":153,"column":9}},"44":{"start":{"line":156,"column":0},"end":{"line":156,"column":54}}},"fnMap":{"0":{"name":"(anonymous_0)","decl":{"start":{"line":85,"column":13},"end":{"line":85,"column":14}},"loc":{"start":{"line":85,"column":24},"end":{"line":87,"column":5}},"line":85},"1":{"name":"(anonymous_1)","decl":{"start":{"line":92,"column":13},"end":{"line":92,"column":14}},"loc":{"start":{"line":92,"column":24},"end":{"line":94,"column":5}},"line":92},"2":{"name":"(anonymous_2)","decl":{"start":{"line":100,"column":15},"end":{"line":100,"column":16}},"loc":{"start":{"line":100,"column":34},"end":{"line":106,"column":5}},"line":100},"3":{"name":"(anonymous_3)","decl":{"start":{"line":109,"column":15},"end":{"line":109,"column":16}},"loc":{"start":{"line":109,"column":34},"end":{"line":115,"column":5}},"line":109},"4":{"name":"(anonymous_4)","decl":{"start":{"line":128,"column":24},"end":{"line":128,"column":25}},"loc":{"start":{"line":128,"column":39},"end":{"line":154,"column":1}},"line":128}},"branchMap":{"0":{"loc":{"start":{"line":102,"column":6},"end":{"line":102,"column":37}},"type":"if","locations":[{"start":{"line":102,"column":6},"end":{"line":102,"column":37}},{"start":{},"end":{}}],"line":102},"1":{"loc":{"start":{"line":103,"column":6},"end":{"line":103,"column":55}},"type":"if","locations":[{"start":{"line":103,"column":6},"end":{"line":103,"column":55}},{"start":{},"end":{}}],"line":103},"2":{"loc":{"start":{"line":104,"column":6},"end":{"line":104,"column":39}},"type":"if","locations":[{"start":{"line":104,"column":6},"end":{"line":104,"column":39}},{"start":{},"end":{}}],"line":104},"3":{"loc":{"start":{"line":111,"column":6},"end":{"line":111,"column":37}},"type":"if","locations":[{"start":{"line":111,"column":6},"end":{"line":111,"column":37}},{"start":{},"end":{}}],"line":111},"4":{"loc":{"start":{"line":112,"column":6},"end":{"line":112,"column":55}},"type":"if","locations":[{"start":{"line":112,"column":6},"end":{"line":112,"column":55}},{"start":{},"end":{}}],"line":112},"5":{"loc":{"start":{"line":113,"column":6},"end":{"line":113,"column":39}},"type":"if","locations":[{"start":{"line":113,"column":6},"end":{"line":113,"column":39}},{"start":{},"end":{}}],"line":113},"6":{"loc":{"start":{"line":135,"column":2},"end":{"line":138,"column":3}},"type":"if","locations":[{"start":{"line":135,"column":2},"end":{"line":138,"column":3}},{"start":{},"end":{}}],"line":135},"7":{"loc":{"start":{"line":139,"column":2},"end":{"line":142,"column":3}},"type":"if","locations":[{"start":{"line":139,"column":2},"end":{"line":142,"column":3}},{"start":{},"end":{}}],"line":139},"8":{"loc":{"start":{"line":143,"column":2},"end":{"line":146,"column":3}},"type":"if","locations":[{"start":{"line":143,"column":2},"end":{"line":146,"column":3}},{"start":{},"end":{}}],"line":143}},"s":{"0":1,"1":1,"2":7,"3":7,"4":8,"5":0,"6":8,"7":0,"8":8,"9":0,"10":8,"11":0,"12":0,"13":0,"14":0,"15":0,"16":0,"17":0,"18":1,"19":1,"20":1,"21":1,"22":1,"23":1,"24":1,"25":4,"26":4,"27":4,"28":4,"29":4,"30":4,"31":0,"32":0,"33":4,"34":0,"35":0,"36":4,"37":0,"38":0,"39":4,"40":4,"41":4,"42":4,"43":4,"44":1},"f":{"0":7,"1":7,"2":8,"3":0,"4":4},"b":{"0":[0,8],"1":[0,8],"2":[0,8],"3":[0,0],"4":[0,0],"5":[0,0],"6":[0,4],"7":[0,4],"8":[0,4]},"_coverageSchema":"1a1c01bbd47fc00a2c39e90264f33305004495a9","hash":"32dffd00205dff03b66b3fd0cd4c6d5daf3780c9"}
,"C:\\Users\\mariembj\\Desktop\\aura-modern-view\\server\\models\\Maintenance.js": {"path":"C:\\Users\\mariembj\\Desktop\\aura-modern-view\\server\\models\\Maintenance.js","statementMap":{"0":{"start":{"line":2,"column":17},"end":{"line":2,"column":36}},"1":{"start":{"line":4,"column":26},"end":{"line":52,"column":2}},"2":{"start":{"line":54,"column":0},"end":{"line":54,"column":66}}},"fnMap":{},"branchMap":{},"s":{"0":1,"1":1,"2":1},"f":{},"b":{},"_coverageSchema":"1a1c01bbd47fc00a2c39e90264f33305004495a9","hash":"f6de6171a6de34acd25eb45f744f3e7d5fd3fd0e"}
,"C:\\Users\\mariembj\\Desktop\\aura-modern-view\\server\\models\\Project.js": {"path":"C:\\Users\\mariembj\\Desktop\\aura-modern-view\\server\\models\\Project.js","statementMap":{"0":{"start":{"line":2,"column":17},"end":{"line":2,"column":36}},"1":{"start":{"line":4,"column":22},"end":{"line":46,"column":2}},"2":{"start":{"line":48,"column":0},"end":{"line":48,"column":58}}},"fnMap":{},"branchMap":{},"s":{"0":1,"1":1,"2":1},"f":{},"b":{},"_coverageSchema":"1a1c01bbd47fc00a2c39e90264f33305004495a9","hash":"d56cdfecfd395c2c9c13a2a2a4370dcf3c132183"}
,"C:\\Users\\mariembj\\Desktop\\aura-modern-view\\server\\models\\User.js": {"path":"C:\\Users\\mariembj\\Desktop\\aura-modern-view\\server\\models\\User.js","statementMap":{"0":{"start":{"line":2,"column":17},"end":{"line":2,"column":36}},"1":{"start":{"line":3,"column":15},"end":{"line":3,"column":34}},"2":{"start":{"line":5,"column":19},"end":{"line":43,"column":2}},"3":{"start":{"line":46,"column":0},"end":{"line":56,"column":3}},"4":{"start":{"line":47,"column":2},"end":{"line":47,"column":50}},"5":{"start":{"line":47,"column":36},"end":{"line":47,"column":50}},"6":{"start":{"line":49,"column":2},"end":{"line":55,"column":3}},"7":{"start":{"line":50,"column":17},"end":{"line":50,"column":41}},"8":{"start":{"line":51,"column":4},"end":{"line":51,"column":59}},"9":{"start":{"line":52,"column":4},"end":{"line":52,"column":11}},"10":{"start":{"line":54,"column":4},"end":{"line":54,"column":16}},"11":{"start":{"line":59,"column":0},"end":{"line":61,"column":2}},"12":{"start":{"line":60,"column":2},"end":{"line":60,"column":58}},"13":{"start":{"line":63,"column":0},"end":{"line":63,"column":52}}},"fnMap":{"0":{"name":"(anonymous_0)","decl":{"start":{"line":46,"column":23},"end":{"line":46,"column":24}},"loc":{"start":{"line":46,"column":44},"end":{"line":56,"column":1}},"line":46},"1":{"name":"(anonymous_1)","decl":{"start":{"line":59,"column":37},"end":{"line":59,"column":38}},"loc":{"start":{"line":59,"column":71},"end":{"line":61,"column":1}},"line":59}},"branchMap":{"0":{"loc":{"start":{"line":47,"column":2},"end":{"line":47,"column":50}},"type":"if","locations":[{"start":{"line":47,"column":2},"end":{"line":47,"column":50}},{"start":{},"end":{}}],"line":47}},"s":{"0":1,"1":1,"2":1,"3":1,"4":0,"5":0,"6":0,"7":0,"8":0,"9":0,"10":0,"11":1,"12":0,"13":1},"f":{"0":0,"1":0},"b":{"0":[0,0]},"_coverageSchema":"1a1c01bbd47fc00a2c39e90264f33305004495a9","hash":"0c02d46cd5d8f4b7207da5064d6efbe287ad230f"}
,"C:\\Users\\mariembj\\Desktop\\aura-modern-view\\server\\routes\\activitiesRoutes.js": {"path":"C:\\Users\\mariembj\\Desktop\\aura-modern-view\\server\\routes\\activitiesRoutes.js","statementMap":{"0":{"start":{"line":2,"column":16},"end":{"line":2,"column":34}},"1":{"start":{"line":3,"column":15},"end":{"line":3,"column":31}},"2":{"start":{"line":4,"column":17},"end":{"line":4,"column":46}},"3":{"start":{"line":5,"column":13},"end":{"line":5,"column":42}},"4":{"start":{"line":8,"column":0},"end":{"line":33,"column":3}},"5":{"start":{"line":9,"column":2},"end":{"line":32,"column":3}},"6":{"start":{"line":10,"column":42},"end":{"line":10,"column":51}},"7":{"start":{"line":11,"column":16},"end":{"line":11,"column":18}},"8":{"start":{"line":13,"column":4},"end":{"line":15,"column":5}},"9":{"start":{"line":14,"column":6},"end":{"line":14,"column":26}},"10":{"start":{"line":17,"column":4},"end":{"line":22,"column":5}},"11":{"start":{"line":18,"column":6},"end":{"line":21,"column":8}},"12":{"start":{"line":24,"column":23},"end":{"line":26,"column":16}},"13":{"start":{"line":28,"column":4},"end":{"line":28,"column":25}},"14":{"start":{"line":30,"column":4},"end":{"line":30,"column":55}},"15":{"start":{"line":31,"column":4},"end":{"line":31,"column":89}},"16":{"start":{"line":36,"column":0},"end":{"line":53,"column":3}},"17":{"start":{"line":37,"column":2},"end":{"line":52,"column":3}},"18":{"start":{"line":38,"column":36},"end":{"line":38,"column":44}},"19":{"start":{"line":40,"column":21},"end":{"line":45,"column":6}},"20":{"start":{"line":47,"column":26},"end":{"line":47,"column":47}},"21":{"start":{"line":48,"column":4},"end":{"line":48,"column":40}},"22":{"start":{"line":50,"column":4},"end":{"line":50,"column":53}},"23":{"start":{"line":51,"column":4},"end":{"line":51,"column":87}},"24":{"start":{"line":56,"column":0},"end":{"line":64,"column":3}},"25":{"start":{"line":57,"column":2},"end":{"line":63,"column":3}},"26":{"start":{"line":58,"column":4},"end":{"line":58,"column":52}},"27":{"start":{"line":59,"column":4},"end":{"line":59,"column":59}},"28":{"start":{"line":61,"column":4},"end":{"line":61,"column":53}},"29":{"start":{"line":62,"column":4},"end":{"line":62,"column":87}},"30":{"start":{"line":66,"column":0},"end":{"line":66,"column":24}}},"fnMap":{"0":{"name":"(anonymous_0)","decl":{"start":{"line":8,"column":16},"end":{"line":8,"column":17}},"loc":{"start":{"line":8,"column":36},"end":{"line":33,"column":1}},"line":8},"1":{"name":"(anonymous_1)","decl":{"start":{"line":36,"column":17},"end":{"line":36,"column":18}},"loc":{"start":{"line":36,"column":37},"end":{"line":53,"column":1}},"line":36},"2":{"name":"(anonymous_2)","decl":{"start":{"line":56,"column":22},"end":{"line":56,"column":23}},"loc":{"start":{"line":56,"column":42},"end":{"line":64,"column":1}},"line":56}},"branchMap":{"0":{"loc":{"start":{"line":13,"column":4},"end":{"line":15,"column":5}},"type":"if","locations":[{"start":{"line":13,"column":4},"end":{"line":15,"column":5}},{"start":{},"end":{}}],"line":13},"1":{"loc":{"start":{"line":17,"column":4},"end":{"line":22,"column":5}},"type":"if","locations":[{"start":{"line":17,"column":4},"end":{"line":22,"column":5}},{"start":{},"end":{}}],"line":17},"2":{"loc":{"start":{"line":17,"column":8},"end":{"line":17,"column":28}},"type":"binary-expr","locations":[{"start":{"line":17,"column":8},"end":{"line":17,"column":17}},{"start":{"line":17,"column":21},"end":{"line":17,"column":28}}],"line":17}},"s":{"0":1,"1":1,"2":1,"3":1,"4":1,"5":0,"6":0,"7":0,"8":0,"9":0,"10":0,"11":0,"12":0,"13":0,"14":0,"15":0,"16":1,"17":0,"18":0,"19":0,"20":0,"21":0,"22":0,"23":0,"24":1,"25":0,"26":0,"27":0,"28":0,"29":0,"30":1},"f":{"0":0,"1":0,"2":0},"b":{"0":[0,0],"1":[0,0],"2":[0,0]},"_coverageSchema":"1a1c01bbd47fc00a2c39e90264f33305004495a9","hash":"6f30ef2f13b7973275743dc2d98ab0462ff09b31"}
,"C:\\Users\\mariembj\\Desktop\\aura-modern-view\\server\\routes\\assetRoutes.js": {"path":"C:\\Users\\mariembj\\Desktop\\aura-modern-view\\server\\routes\\assetRoutes.js","statementMap":{"0":{"start":{"line":1,"column":16},"end":{"line":1,"column":34}},"1":{"start":{"line":2,"column":15},"end":{"line":2,"column":31}},"2":{"start":{"line":3,"column":14},"end":{"line":3,"column":40}},"3":{"start":{"line":4,"column":13},"end":{"line":4,"column":42}},"4":{"start":{"line":7,"column":0},"end":{"line":51,"column":3}},"5":{"start":{"line":8,"column":2},"end":{"line":50,"column":3}},"6":{"start":{"line":9,"column":4},"end":{"line":9,"column":55}},"7":{"start":{"line":10,"column":4},"end":{"line":10,"column":75}},"8":{"start":{"line":11,"column":4},"end":{"line":11,"column":57}},"9":{"start":{"line":12,"column":4},"end":{"line":12,"column":55}},"10":{"start":{"line":13,"column":4},"end":{"line":13,"column":73}},"11":{"start":{"line":16,"column":22},"end":{"line":21,"column":5}},"12":{"start":{"line":23,"column":4},"end":{"line":23,"column":50}},"13":{"start":{"line":24,"column":4},"end":{"line":24,"column":62}},"14":{"start":{"line":25,"column":4},"end":{"line":25,"column":60}},"15":{"start":{"line":26,"column":4},"end":{"line":26,"column":78}},"16":{"start":{"line":27,"column":4},"end":{"line":27,"column":80}},"17":{"start":{"line":28,"column":4},"end":{"line":28,"column":78}},"18":{"start":{"line":29,"column":4},"end":{"line":29,"column":96}},"19":{"start":{"line":31,"column":18},"end":{"line":31,"column":38}},"20":{"start":{"line":33,"column":4},"end":{"line":33,"column":56}},"21":{"start":{"line":34,"column":4},"end":{"line":34,"column":56}},"22":{"start":{"line":35,"column":4},"end":{"line":35,"column":54}},"23":{"start":{"line":36,"column":4},"end":{"line":36,"column":72}},"24":{"start":{"line":38,"column":23},"end":{"line":38,"column":41}},"25":{"start":{"line":40,"column":4},"end":{"line":40,"column":52}},"26":{"start":{"line":41,"column":4},"end":{"line":41,"column":58}},"27":{"start":{"line":42,"column":4},"end":{"line":42,"column":56}},"28":{"start":{"line":43,"column":4},"end":{"line":43,"column":74}},"29":{"start":{"line":44,"column":4},"end":{"line":44,"column":74}},"30":{"start":{"line":46,"column":4},"end":{"line":46,"column":37}},"31":{"start":{"line":48,"column":4},"end":{"line":48,"column":50}},"32":{"start":{"line":49,"column":4},"end":{"line":49,"column":51}},"33":{"start":{"line":54,"column":0},"end":{"line":62,"column":3}},"34":{"start":{"line":55,"column":2},"end":{"line":61,"column":3}},"35":{"start":{"line":56,"column":19},"end":{"line":56,"column":65}},"36":{"start":{"line":57,"column":4},"end":{"line":57,"column":21}},"37":{"start":{"line":59,"column":4},"end":{"line":59,"column":51}},"38":{"start":{"line":60,"column":4},"end":{"line":60,"column":51}},"39":{"start":{"line":65,"column":0},"end":{"line":84,"column":3}},"40":{"start":{"line":66,"column":2},"end":{"line":83,"column":3}},"41":{"start":{"line":67,"column":18},"end":{"line":67,"column":81}},"42":{"start":{"line":68,"column":4},"end":{"line":70,"column":5}},"43":{"start":{"line":69,"column":6},"end":{"line":69,"column":64}},"44":{"start":{"line":72,"column":4},"end":{"line":72,"column":48}},"45":{"start":{"line":73,"column":4},"end":{"line":73,"column":44}},"46":{"start":{"line":74,"column":4},"end":{"line":74,"column":45}},"47":{"start":{"line":75,"column":4},"end":{"line":75,"column":63}},"48":{"start":{"line":76,"column":4},"end":{"line":76,"column":91}},"49":{"start":{"line":77,"column":4},"end":{"line":77,"column":118}},"50":{"start":{"line":79,"column":4},"end":{"line":79,"column":20}},"51":{"start":{"line":81,"column":4},"end":{"line":81,"column":50}},"52":{"start":{"line":82,"column":4},"end":{"line":82,"column":51}},"53":{"start":{"line":87,"column":0},"end":{"line":104,"column":3}},"54":{"start":{"line":88,"column":2},"end":{"line":103,"column":3}},"55":{"start":{"line":89,"column":18},"end":{"line":93,"column":33}},"56":{"start":{"line":95,"column":4},"end":{"line":97,"column":5}},"57":{"start":{"line":96,"column":6},"end":{"line":96,"column":64}},"58":{"start":{"line":99,"column":4},"end":{"line":99,"column":20}},"59":{"start":{"line":101,"column":4},"end":{"line":101,"column":50}},"60":{"start":{"line":102,"column":4},"end":{"line":102,"column":51}},"61":{"start":{"line":107,"column":0},"end":{"line":118,"column":3}},"62":{"start":{"line":108,"column":2},"end":{"line":117,"column":3}},"63":{"start":{"line":109,"column":18},"end":{"line":109,"column":62}},"64":{"start":{"line":110,"column":4},"end":{"line":112,"column":5}},"65":{"start":{"line":111,"column":6},"end":{"line":111,"column":64}},"66":{"start":{"line":113,"column":4},"end":{"line":113,"column":56}},"67":{"start":{"line":115,"column":4},"end":{"line":115,"column":50}},"68":{"start":{"line":116,"column":4},"end":{"line":116,"column":51}},"69":{"start":{"line":121,"column":0},"end":{"line":132,"column":3}},"70":{"start":{"line":122,"column":2},"end":{"line":131,"column":3}},"71":{"start":{"line":123,"column":19},"end":{"line":123,"column":66}},"72":{"start":{"line":124,"column":4},"end":{"line":127,"column":7}},"73":{"start":{"line":129,"column":4},"end":{"line":129,"column":58}},"74":{"start":{"line":130,"column":4},"end":{"line":130,"column":51}},"75":{"start":{"line":135,"column":0},"end":{"line":174,"column":3}},"76":{"start":{"line":136,"column":2},"end":{"line":173,"column":3}},"77":{"start":{"line":137,"column":26},"end":{"line":137,"column":36}},"78":{"start":{"line":138,"column":40},"end":{"line":138,"column":48}},"79":{"start":{"line":140,"column":4},"end":{"line":140,"column":70}},"80":{"start":{"line":141,"column":4},"end":{"line":141,"column":42}},"81":{"start":{"line":142,"column":4},"end":{"line":142,"column":44}},"82":{"start":{"line":143,"column":4},"end":{"line":143,"column":46}},"83":{"start":{"line":146,"column":19},"end":{"line":146,"column":87}},"84":{"start":{"line":148,"column":4},"end":{"line":148,"column":58}},"85":{"start":{"line":151,"column":27},"end":{"line":156,"column":6}},"86":{"start":{"line":154,"column":6},"end":{"line":154,"column":36}},"87":{"start":{"line":155,"column":6},"end":{"line":155,"column":32}},"88":{"start":{"line":158,"column":26},"end":{"line":158,"column":59}},"89":{"start":{"line":160,"column":4},"end":{"line":160,"column":63}},"90":{"start":{"line":165,"column":4},"end":{"line":169,"column":7}},"91":{"start":{"line":171,"column":4},"end":{"line":171,"column":78}},"92":{"start":{"line":172,"column":4},"end":{"line":172,"column":51}},"93":{"start":{"line":177,"column":0},"end":{"line":186,"column":3}},"94":{"start":{"line":178,"column":2},"end":{"line":185,"column":3}},"95":{"start":{"line":179,"column":26},"end":{"line":179,"column":36}},"96":{"start":{"line":180,"column":19},"end":{"line":180,"column":87}},"97":{"start":{"line":181,"column":4},"end":{"line":181,"column":21}},"98":{"start":{"line":183,"column":4},"end":{"line":183,"column":62}},"99":{"start":{"line":184,"column":4},"end":{"line":184,"column":51}},"100":{"start":{"line":188,"column":0},"end":{"line":188,"column":24}}},"fnMap":{"0":{"name":"(anonymous_0)","decl":{"start":{"line":7,"column":23},"end":{"line":7,"column":24}},"loc":{"start":{"line":7,"column":43},"end":{"line":51,"column":1}},"line":7},"1":{"name":"(anonymous_1)","decl":{"start":{"line":54,"column":22},"end":{"line":54,"column":23}},"loc":{"start":{"line":54,"column":42},"end":{"line":62,"column":1}},"line":54},"2":{"name":"(anonymous_2)","decl":{"start":{"line":65,"column":25},"end":{"line":65,"column":26}},"loc":{"start":{"line":65,"column":45},"end":{"line":84,"column":1}},"line":65},"3":{"name":"(anonymous_3)","decl":{"start":{"line":87,"column":25},"end":{"line":87,"column":26}},"loc":{"start":{"line":87,"column":45},"end":{"line":104,"column":1}},"line":87},"4":{"name":"(anonymous_4)","decl":{"start":{"line":107,"column":28},"end":{"line":107,"column":29}},"loc":{"start":{"line":107,"column":48},"end":{"line":118,"column":1}},"line":107},"5":{"name":"(anonymous_5)","decl":{"start":{"line":121,"column":41},"end":{"line":121,"column":42}},"loc":{"start":{"line":121,"column":61},"end":{"line":132,"column":1}},"line":121},"6":{"name":"(anonymous_6)","decl":{"start":{"line":135,"column":55},"end":{"line":135,"column":56}},"loc":{"start":{"line":135,"column":75},"end":{"line":174,"column":1}},"line":135},"7":{"name":"(anonymous_7)","decl":{"start":{"line":151,"column":38},"end":{"line":151,"column":39}},"loc":{"start":{"line":151,"column":55},"end":{"line":156,"column":5}},"line":151},"8":{"name":"(anonymous_8)","decl":{"start":{"line":177,"column":40},"end":{"line":177,"column":41}},"loc":{"start":{"line":177,"column":60},"end":{"line":186,"column":1}},"line":177}},"branchMap":{"0":{"loc":{"start":{"line":18,"column":14},"end":{"line":18,"column":35}},"type":"binary-expr","locations":[{"start":{"line":18,"column":14},"end":{"line":18,"column":29}},{"start":{"line":18,"column":33},"end":{"line":18,"column":35}}],"line":18},"1":{"loc":{"start":{"line":19,"column":13},"end":{"line":19,"column":33}},"type":"binary-expr","locations":[{"start":{"line":19,"column":13},"end":{"line":19,"column":27}},{"start":{"line":19,"column":31},"end":{"line":19,"column":33}}],"line":19},"2":{"loc":{"start":{"line":20,"column":22},"end":{"line":20,"column":51}},"type":"binary-expr","locations":[{"start":{"line":20,"column":22},"end":{"line":20,"column":45}},{"start":{"line":20,"column":49},"end":{"line":20,"column":51}}],"line":20},"3":{"loc":{"start":{"line":68,"column":4},"end":{"line":70,"column":5}},"type":"if","locations":[{"start":{"line":68,"column":4},"end":{"line":70,"column":5}},{"start":{},"end":{}}],"line":68},"4":{"loc":{"start":{"line":76,"column":37},"end":{"line":76,"column":89}},"type":"cond-expr","locations":[{"start":{"line":76,"column":51},"end":{"line":76,"column":75}},{"start":{"line":76,"column":78},"end":{"line":76,"column":89}}],"line":76},"5":{"loc":{"start":{"line":77,"column":46},"end":{"line":77,"column":116}},"type":"cond-expr","locations":[{"start":{"line":77,"column":69},"end":{"line":77,"column":102}},{"start":{"line":77,"column":105},"end":{"line":77,"column":116}}],"line":77},"6":{"loc":{"start":{"line":95,"column":4},"end":{"line":97,"column":5}},"type":"if","locations":[{"start":{"line":95,"column":4},"end":{"line":97,"column":5}},{"start":{},"end":{}}],"line":95},"7":{"loc":{"start":{"line":110,"column":4},"end":{"line":112,"column":5}},"type":"if","locations":[{"start":{"line":110,"column":4},"end":{"line":112,"column":5}},{"start":{},"end":{}}],"line":110}},"s":{"0":1,"1":1,"2":1,"3":1,"4":1,"5":2,"6":2,"7":2,"8":2,"9":2,"10":2,"11":2,"12":2,"13":2,"14":2,"15":2,"16":2,"17":2,"18":2,"19":2,"20":2,"21":2,"22":2,"23":2,"24":2,"25":1,"26":1,"27":1,"28":1,"29":1,"30":1,"31":1,"32":1,"33":1,"34":2,"35":2,"36":2,"37":0,"38":0,"39":1,"40":3,"41":3,"42":2,"43":1,"44":1,"45":1,"46":1,"47":1,"48":1,"49":1,"50":1,"51":1,"52":1,"53":1,"54":1,"55":1,"56":1,"57":0,"58":1,"59":0,"60":0,"61":1,"62":1,"63":1,"64":1,"65":0,"66":1,"67":0,"68":0,"69":1,"70":0,"71":0,"72":0,"73":0,"74":0,"75":1,"76":0,"77":0,"78":0,"79":0,"80":0,"81":0,"82":0,"83":0,"84":0,"85":0,"86":0,"87":0,"88":0,"89":0,"90":0,"91":0,"92":0,"93":1,"94":0,"95":0,"96":0,"97":0,"98":0,"99":0,"100":1},"f":{"0":2,"1":2,"2":3,"3":1,"4":1,"5":0,"6":0,"7":0,"8":0},"b":{"0":[2,2],"1":[2,2],"2":[2,2],"3":[1,1],"4":[1,0],"5":[1,0],"6":[0,1],"7":[0,1]},"_coverageSchema":"1a1c01bbd47fc00a2c39e90264f33305004495a9","hash":"dc203073c17cbdab1ea58fe090461f568cdaa93d"}
,"C:\\Users\\mariembj\\Desktop\\aura-modern-view\\server\\routes\\authRoutes.js": {"path":"C:\\Users\\mariembj\\Desktop\\aura-modern-view\\server\\routes\\authRoutes.js","statementMap":{"0":{"start":{"line":2,"column":16},"end":{"line":2,"column":34}},"1":{"start":{"line":3,"column":15},"end":{"line":3,"column":31}},"2":{"start":{"line":4,"column":12},"end":{"line":4,"column":35}},"3":{"start":{"line":5,"column":13},"end":{"line":5,"column":38}},"4":{"start":{"line":8,"column":22},"end":{"line":8,"column":31}},"5":{"start":{"line":11,"column":22},"end":{"line":15,"column":1}},"6":{"start":{"line":12,"column":2},"end":{"line":14,"column":5}},"7":{"start":{"line":18,"column":29},"end":{"line":22,"column":1}},"8":{"start":{"line":19,"column":2},"end":{"line":21,"column":5}},"9":{"start":{"line":25,"column":0},"end":{"line":78,"column":3}},"10":{"start":{"line":26,"column":2},"end":{"line":77,"column":3}},"11":{"start":{"line":27,"column":29},"end":{"line":27,"column":37}},"12":{"start":{"line":29,"column":4},"end":{"line":34,"column":5}},"13":{"start":{"line":30,"column":6},"end":{"line":33,"column":9}},"14":{"start":{"line":37,"column":4},"end":{"line":42,"column":5}},"15":{"start":{"line":38,"column":6},"end":{"line":41,"column":9}},"16":{"start":{"line":45,"column":20},"end":{"line":45,"column":102}},"17":{"start":{"line":48,"column":17},"end":{"line":48,"column":68}},"18":{"start":{"line":49,"column":4},"end":{"line":54,"column":5}},"19":{"start":{"line":50,"column":6},"end":{"line":53,"column":9}},"20":{"start":{"line":57,"column":21},"end":{"line":57,"column":44}},"21":{"start":{"line":58,"column":28},"end":{"line":58,"column":58}},"22":{"start":{"line":61,"column":4},"end":{"line":61,"column":39}},"23":{"start":{"line":62,"column":4},"end":{"line":62,"column":39}},"24":{"start":{"line":64,"column":4},"end":{"line":69,"column":7}},"25":{"start":{"line":72,"column":4},"end":{"line":72,"column":49}},"26":{"start":{"line":73,"column":4},"end":{"line":76,"column":7}},"27":{"start":{"line":81,"column":0},"end":{"line":102,"column":3}},"28":{"start":{"line":82,"column":2},"end":{"line":101,"column":3}},"29":{"start":{"line":83,"column":29},"end":{"line":83,"column":37}},"30":{"start":{"line":85,"column":4},"end":{"line":88,"column":5}},"31":{"start":{"line":87,"column":6},"end":{"line":87,"column":41}},"32":{"start":{"line":90,"column":4},"end":{"line":93,"column":7}},"33":{"start":{"line":96,"column":4},"end":{"line":96,"column":42}},"34":{"start":{"line":97,"column":4},"end":{"line":100,"column":7}},"35":{"start":{"line":105,"column":0},"end":{"line":160,"column":3}},"36":{"start":{"line":106,"column":2},"end":{"line":159,"column":3}},"37":{"start":{"line":107,"column":32},"end":{"line":107,"column":40}},"38":{"start":{"line":110,"column":17},"end":{"line":110,"column":46}},"39":{"start":{"line":112,"column":4},"end":{"line":117,"column":5}},"40":{"start":{"line":113,"column":6},"end":{"line":116,"column":9}},"41":{"start":{"line":120,"column":20},"end":{"line":120,"column":56}},"42":{"start":{"line":122,"column":4},"end":{"line":127,"column":5}},"43":{"start":{"line":123,"column":6},"end":{"line":126,"column":9}},"44":{"start":{"line":130,"column":4},"end":{"line":130,"column":32}},"45":{"start":{"line":131,"column":4},"end":{"line":131,"column":22}},"46":{"start":{"line":134,"column":18},"end":{"line":134,"column":41}},"47":{"start":{"line":135,"column":25},"end":{"line":135,"column":55}},"48":{"start":{"line":138,"column":4},"end":{"line":138,"column":36}},"49":{"start":{"line":140,"column":4},"end":{"line":153,"column":7}},"50":{"start":{"line":155,"column":4},"end":{"line":158,"column":7}},"51":{"start":{"line":162,"column":0},"end":{"line":162,"column":24}}},"fnMap":{"0":{"name":"(anonymous_0)","decl":{"start":{"line":11,"column":22},"end":{"line":11,"column":23}},"loc":{"start":{"line":11,"column":30},"end":{"line":15,"column":1}},"line":11},"1":{"name":"(anonymous_1)","decl":{"start":{"line":18,"column":29},"end":{"line":18,"column":30}},"loc":{"start":{"line":18,"column":37},"end":{"line":22,"column":1}},"line":18},"2":{"name":"(anonymous_2)","decl":{"start":{"line":25,"column":24},"end":{"line":25,"column":25}},"loc":{"start":{"line":25,"column":44},"end":{"line":78,"column":1}},"line":25},"3":{"name":"(anonymous_3)","decl":{"start":{"line":81,"column":23},"end":{"line":81,"column":24}},"loc":{"start":{"line":81,"column":43},"end":{"line":102,"column":1}},"line":81},"4":{"name":"(anonymous_4)","decl":{"start":{"line":105,"column":35},"end":{"line":105,"column":36}},"loc":{"start":{"line":105,"column":55},"end":{"line":160,"column":1}},"line":105}},"branchMap":{"0":{"loc":{"start":{"line":13,"column":15},"end":{"line":13,"column":46}},"type":"binary-expr","locations":[{"start":{"line":13,"column":15},"end":{"line":13,"column":37}},{"start":{"line":13,"column":41},"end":{"line":13,"column":46}}],"line":13},"1":{"loc":{"start":{"line":19,"column":26},"end":{"line":19,"column":82}},"type":"binary-expr","locations":[{"start":{"line":19,"column":26},"end":{"line":19,"column":56}},{"start":{"line":19,"column":60},"end":{"line":19,"column":82}}],"line":19},"2":{"loc":{"start":{"line":29,"column":4},"end":{"line":34,"column":5}},"type":"if","locations":[{"start":{"line":29,"column":4},"end":{"line":34,"column":5}},{"start":{},"end":{}}],"line":29},"3":{"loc":{"start":{"line":37,"column":4},"end":{"line":42,"column":5}},"type":"if","locations":[{"start":{"line":37,"column":4},"end":{"line":42,"column":5}},{"start":{},"end":{}}],"line":37},"4":{"loc":{"start":{"line":45,"column":45},"end":{"line":45,"column":101}},"type":"binary-expr","locations":[{"start":{"line":45,"column":45},"end":{"line":45,"column":75}},{"start":{"line":45,"column":79},"end":{"line":45,"column":101}}],"line":45},"5":{"loc":{"start":{"line":49,"column":4},"end":{"line":54,"column":5}},"type":"if","locations":[{"start":{"line":49,"column":4},"end":{"line":54,"column":5}},{"start":{},"end":{}}],"line":49},"6":{"loc":{"start":{"line":85,"column":4},"end":{"line":88,"column":5}},"type":"if","locations":[{"start":{"line":85,"column":4},"end":{"line":88,"column":5}},{"start":{},"end":{}}],"line":85},"7":{"loc":{"start":{"line":112,"column":4},"end":{"line":117,"column":5}},"type":"if","locations":[{"start":{"line":112,"column":4},"end":{"line":117,"column":5}},{"start":{},"end":{}}],"line":112},"8":{"loc":{"start":{"line":122,"column":4},"end":{"line":127,"column":5}},"type":"if","locations":[{"start":{"line":122,"column":4},"end":{"line":127,"column":5}},{"start":{},"end":{}}],"line":122}},"s":{"0":1,"1":1,"2":1,"3":1,"4":1,"5":1,"6":0,"7":1,"8":0,"9":1,"10":0,"11":0,"12":0,"13":0,"14":0,"15":0,"16":0,"17":0,"18":0,"19":0,"20":0,"21":0,"22":0,"23":0,"24":0,"25":0,"26":0,"27":1,"28":0,"29":0,"30":0,"31":0,"32":0,"33":0,"34":0,"35":1,"36":0,"37":0,"38":0,"39":0,"40":0,"41":0,"42":0,"43":0,"44":0,"45":0,"46":0,"47":0,"48":0,"49":0,"50":0,"51":1},"f":{"0":0,"1":0,"2":0,"3":0,"4":0},"b":{"0":[0,0],"1":[0,0],"2":[0,0],"3":[0,0],"4":[0,0],"5":[0,0],"6":[0,0],"7":[0,0],"8":[0,0]},"_coverageSchema":"1a1c01bbd47fc00a2c39e90264f33305004495a9","hash":"fc0b02f8b4724bdedb571513842c97d2f5f41fc9"}
,"C:\\Users\\mariembj\\Desktop\\aura-modern-view\\server\\routes\\maintenanceRoutes.js": {"path":"C:\\Users\\mariembj\\Desktop\\aura-modern-view\\server\\routes\\maintenanceRoutes.js","statementMap":{"0":{"start":{"line":1,"column":16},"end":{"line":1,"column":34}},"1":{"start":{"line":2,"column":15},"end":{"line":2,"column":31}},"2":{"start":{"line":3,"column":12},"end":{"line":3,"column":35}},"3":{"start":{"line":4,"column":20},"end":{"line":4,"column":52}},"4":{"start":{"line":5,"column":13},"end":{"line":5,"column":38}},"5":{"start":{"line":8,"column":16},"end":{"line":32,"column":1}},"6":{"start":{"line":11,"column":2},"end":{"line":11,"column":54}},"7":{"start":{"line":12,"column":2},"end":{"line":12,"column":39}},"8":{"start":{"line":13,"column":2},"end":{"line":13,"column":66}},"9":{"start":{"line":15,"column":2},"end":{"line":31,"column":3}},"10":{"start":{"line":16,"column":4},"end":{"line":27,"column":5}},"11":{"start":{"line":17,"column":6},"end":{"line":17,"column":54}},"12":{"start":{"line":18,"column":6},"end":{"line":18,"column":87}},"13":{"start":{"line":20,"column":22},"end":{"line":20,"column":63}},"14":{"start":{"line":21,"column":6},"end":{"line":21,"column":69}},"15":{"start":{"line":22,"column":6},"end":{"line":22,"column":72}},"16":{"start":{"line":23,"column":6},"end":{"line":23,"column":13}},"17":{"start":{"line":25,"column":6},"end":{"line":25,"column":55}},"18":{"start":{"line":26,"column":6},"end":{"line":26,"column":79}},"19":{"start":{"line":29,"column":4},"end":{"line":29,"column":59}},"20":{"start":{"line":30,"column":4},"end":{"line":30,"column":73}},"21":{"start":{"line":35,"column":0},"end":{"line":48,"column":3}},"22":{"start":{"line":36,"column":2},"end":{"line":47,"column":3}},"23":{"start":{"line":37,"column":4},"end":{"line":37,"column":53}},"24":{"start":{"line":38,"column":18},"end":{"line":40,"column":43}},"25":{"start":{"line":42,"column":4},"end":{"line":42,"column":59}},"26":{"start":{"line":43,"column":4},"end":{"line":43,"column":20}},"27":{"start":{"line":45,"column":4},"end":{"line":45,"column":53}},"28":{"start":{"line":46,"column":4},"end":{"line":46,"column":51}},"29":{"start":{"line":51,"column":0},"end":{"line":102,"column":3}},"30":{"start":{"line":52,"column":2},"end":{"line":101,"column":3}},"31":{"start":{"line":53,"column":4},"end":{"line":53,"column":70}},"32":{"start":{"line":54,"column":4},"end":{"line":54,"column":51}},"33":{"start":{"line":55,"column":4},"end":{"line":55,"column":48}},"34":{"start":{"line":56,"column":4},"end":{"line":56,"column":41}},"35":{"start":{"line":57,"column":4},"end":{"line":57,"column":43}},"36":{"start":{"line":58,"column":4},"end":{"line":58,"column":73}},"37":{"start":{"line":60,"column":24},"end":{"line":60,"column":37}},"38":{"start":{"line":63,"column":21},"end":{"line":63,"column":40}},"39":{"start":{"line":64,"column":4},"end":{"line":70,"column":5}},"40":{"start":{"line":65,"column":6},"end":{"line":65,"column":68}},"41":{"start":{"line":66,"column":6},"end":{"line":69,"column":9}},"42":{"start":{"line":72,"column":4},"end":{"line":72,"column":63}},"43":{"start":{"line":73,"column":17},"end":{"line":75,"column":43}},"44":{"start":{"line":77,"column":4},"end":{"line":77,"column":93}},"45":{"start":{"line":79,"column":4},"end":{"line":85,"column":5}},"46":{"start":{"line":80,"column":6},"end":{"line":80,"column":83}},"47":{"start":{"line":81,"column":6},"end":{"line":84,"column":9}},"48":{"start":{"line":87,"column":4},"end":{"line":91,"column":7}},"49":{"start":{"line":93,"column":4},"end":{"line":93,"column":19}},"50":{"start":{"line":95,"column":4},"end":{"line":95,"column":57}},"51":{"start":{"line":96,"column":4},"end":{"line":96,"column":45}},"52":{"start":{"line":97,"column":4},"end":{"line":100,"column":7}},"53":{"start":{"line":105,"column":0},"end":{"line":157,"column":3}},"54":{"start":{"line":106,"column":2},"end":{"line":156,"column":3}},"55":{"start":{"line":107,"column":4},"end":{"line":112,"column":7}},"56":{"start":{"line":114,"column":4},"end":{"line":119,"column":7}},"57":{"start":{"line":122,"column":4},"end":{"line":129,"column":5}},"58":{"start":{"line":123,"column":6},"end":{"line":127,"column":9}},"59":{"start":{"line":128,"column":6},"end":{"line":128,"column":93}},"60":{"start":{"line":131,"column":4},"end":{"line":131,"column":95}},"61":{"start":{"line":133,"column":17},"end":{"line":143,"column":6}},"62":{"start":{"line":145,"column":20},"end":{"line":145,"column":37}},"63":{"start":{"line":146,"column":4},"end":{"line":146,"column":80}},"64":{"start":{"line":148,"column":26},"end":{"line":150,"column":43}},"65":{"start":{"line":152,"column":4},"end":{"line":152,"column":40}},"66":{"start":{"line":154,"column":4},"end":{"line":154,"column":68}},"67":{"start":{"line":155,"column":4},"end":{"line":155,"column":51}},"68":{"start":{"line":160,"column":0},"end":{"line":195,"column":3}},"69":{"start":{"line":161,"column":2},"end":{"line":194,"column":3}},"70":{"start":{"line":162,"column":4},"end":{"line":166,"column":7}},"71":{"start":{"line":169,"column":4},"end":{"line":172,"column":5}},"72":{"start":{"line":170,"column":6},"end":{"line":170,"column":85}},"73":{"start":{"line":171,"column":6},"end":{"line":171,"column":93}},"74":{"start":{"line":174,"column":17},"end":{"line":174,"column":58}},"75":{"start":{"line":176,"column":4},"end":{"line":178,"column":5}},"76":{"start":{"line":177,"column":6},"end":{"line":177,"column":77}},"77":{"start":{"line":181,"column":4},"end":{"line":183,"column":7}},"78":{"start":{"line":182,"column":6},"end":{"line":182,"column":32}},"79":{"start":{"line":185,"column":24},"end":{"line":185,"column":41}},"80":{"start":{"line":187,"column":26},"end":{"line":189,"column":43}},"81":{"start":{"line":191,"column":4},"end":{"line":191,"column":28}},"82":{"start":{"line":193,"column":4},"end":{"line":193,"column":51}},"83":{"start":{"line":198,"column":0},"end":{"line":224,"column":3}},"84":{"start":{"line":199,"column":2},"end":{"line":223,"column":3}},"85":{"start":{"line":200,"column":4},"end":{"line":204,"column":7}},"86":{"start":{"line":207,"column":4},"end":{"line":210,"column":5}},"87":{"start":{"line":208,"column":6},"end":{"line":208,"column":85}},"88":{"start":{"line":209,"column":6},"end":{"line":209,"column":93}},"89":{"start":{"line":212,"column":17},"end":{"line":212,"column":58}},"90":{"start":{"line":214,"column":4},"end":{"line":216,"column":5}},"91":{"start":{"line":215,"column":6},"end":{"line":215,"column":77}},"92":{"start":{"line":218,"column":4},"end":{"line":218,"column":27}},"93":{"start":{"line":220,"column":4},"end":{"line":220,"column":67}},"94":{"start":{"line":222,"column":4},"end":{"line":222,"column":51}},"95":{"start":{"line":226,"column":0},"end":{"line":226,"column":24}}},"fnMap":{"0":{"name":"(anonymous_0)","decl":{"start":{"line":8,"column":16},"end":{"line":8,"column":17}},"loc":{"start":{"line":8,"column":42},"end":{"line":32,"column":1}},"line":8},"1":{"name":"(anonymous_1)","decl":{"start":{"line":35,"column":25},"end":{"line":35,"column":26}},"loc":{"start":{"line":35,"column":45},"end":{"line":48,"column":1}},"line":35},"2":{"name":"(anonymous_2)","decl":{"start":{"line":51,"column":28},"end":{"line":51,"column":29}},"loc":{"start":{"line":51,"column":48},"end":{"line":102,"column":1}},"line":51},"3":{"name":"(anonymous_3)","decl":{"start":{"line":105,"column":26},"end":{"line":105,"column":27}},"loc":{"start":{"line":105,"column":46},"end":{"line":157,"column":1}},"line":105},"4":{"name":"(anonymous_4)","decl":{"start":{"line":160,"column":30},"end":{"line":160,"column":31}},"loc":{"start":{"line":160,"column":50},"end":{"line":195,"column":1}},"line":160},"5":{"name":"(anonymous_5)","decl":{"start":{"line":181,"column":34},"end":{"line":181,"column":35}},"loc":{"start":{"line":181,"column":41},"end":{"line":183,"column":5}},"line":181},"6":{"name":"(anonymous_6)","decl":{"start":{"line":198,"column":31},"end":{"line":198,"column":32}},"loc":{"start":{"line":198,"column":51},"end":{"line":224,"column":1}},"line":198}},"branchMap":{"0":{"loc":{"start":{"line":15,"column":2},"end":{"line":31,"column":3}},"type":"if","locations":[{"start":{"line":15,"column":2},"end":{"line":31,"column":3}},{"start":{"line":28,"column":9},"end":{"line":31,"column":3}}],"line":15},"1":{"loc":{"start":{"line":15,"column":6},"end":{"line":15,"column":81}},"type":"binary-expr","locations":[{"start":{"line":15,"column":6},"end":{"line":15,"column":31}},{"start":{"line":15,"column":35},"end":{"line":15,"column":81}}],"line":15},"2":{"loc":{"start":{"line":18,"column":38},"end":{"line":18,"column":85}},"type":"cond-expr","locations":[{"start":{"line":18,"column":46},"end":{"line":18,"column":76}},{"start":{"line":18,"column":79},"end":{"line":18,"column":85}}],"line":18},"3":{"loc":{"start":{"line":64,"column":4},"end":{"line":70,"column":5}},"type":"if","locations":[{"start":{"line":64,"column":4},"end":{"line":70,"column":5}},{"start":{},"end":{}}],"line":64},"4":{"loc":{"start":{"line":77,"column":53},"end":{"line":77,"column":91}},"type":"cond-expr","locations":[{"start":{"line":77,"column":60},"end":{"line":77,"column":72}},{"start":{"line":77,"column":75},"end":{"line":77,"column":91}}],"line":77},"5":{"loc":{"start":{"line":79,"column":4},"end":{"line":85,"column":5}},"type":"if","locations":[{"start":{"line":79,"column":4},"end":{"line":85,"column":5}},{"start":{},"end":{}}],"line":79},"6":{"loc":{"start":{"line":122,"column":4},"end":{"line":129,"column":5}},"type":"if","locations":[{"start":{"line":122,"column":4},"end":{"line":129,"column":5}},{"start":{},"end":{}}],"line":122},"7":{"loc":{"start":{"line":122,"column":8},"end":{"line":122,"column":67}},"type":"binary-expr","locations":[{"start":{"line":122,"column":8},"end":{"line":122,"column":33}},{"start":{"line":122,"column":37},"end":{"line":122,"column":67}}],"line":122},"8":{"loc":{"start":{"line":169,"column":4},"end":{"line":172,"column":5}},"type":"if","locations":[{"start":{"line":169,"column":4},"end":{"line":172,"column":5}},{"start":{},"end":{}}],"line":169},"9":{"loc":{"start":{"line":169,"column":8},"end":{"line":169,"column":67}},"type":"binary-expr","locations":[{"start":{"line":169,"column":8},"end":{"line":169,"column":33}},{"start":{"line":169,"column":37},"end":{"line":169,"column":67}}],"line":169},"10":{"loc":{"start":{"line":176,"column":4},"end":{"line":178,"column":5}},"type":"if","locations":[{"start":{"line":176,"column":4},"end":{"line":178,"column":5}},{"start":{},"end":{}}],"line":176},"11":{"loc":{"start":{"line":207,"column":4},"end":{"line":210,"column":5}},"type":"if","locations":[{"start":{"line":207,"column":4},"end":{"line":210,"column":5}},{"start":{},"end":{}}],"line":207},"12":{"loc":{"start":{"line":214,"column":4},"end":{"line":216,"column":5}},"type":"if","locations":[{"start":{"line":214,"column":4},"end":{"line":216,"column":5}},{"start":{},"end":{}}],"line":214}},"s":{"0":1,"1":1,"2":1,"3":1,"4":1,"5":1,"6":0,"7":0,"8":0,"9":0,"10":0,"11":0,"12":0,"13":0,"14":0,"15":0,"16":0,"17":0,"18":0,"19":0,"20":0,"21":1,"22":0,"23":0,"24":0,"25":0,"26":0,"27":0,"28":0,"29":1,"30":0,"31":0,"32":0,"33":0,"34":0,"35":0,"36":0,"37":0,"38":0,"39":0,"40":0,"41":0,"42":0,"43":0,"44":0,"45":0,"46":0,"47":0,"48":0,"49":0,"50":0,"51":0,"52":0,"53":1,"54":0,"55":0,"56":0,"57":0,"58":0,"59":0,"60":0,"61":0,"62":0,"63":0,"64":0,"65":0,"66":0,"67":0,"68":1,"69":0,"70":0,"71":0,"72":0,"73":0,"74":0,"75":0,"76":0,"77":0,"78":0,"79":0,"80":0,"81":0,"82":0,"83":1,"84":0,"85":0,"86":0,"87":0,"88":0,"89":0,"90":0,"91":0,"92":0,"93":0,"94":0,"95":1},"f":{"0":0,"1":0,"2":0,"3":0,"4":0,"5":0,"6":0},"b":{"0":[0,0],"1":[0,0],"2":[0,0],"3":[0,0],"4":[0,0],"5":[0,0],"6":[0,0],"7":[0,0],"8":[0,0],"9":[0,0],"10":[0,0],"11":[0,0],"12":[0,0]},"_coverageSchema":"1a1c01bbd47fc00a2c39e90264f33305004495a9","hash":"cb76d0a637e30bd0b71dbce4275b5e517b697038"}
,"C:\\Users\\mariembj\\Desktop\\aura-modern-view\\server\\routes\\projectRoutes.js": {"path":"C:\\Users\\mariembj\\Desktop\\aura-modern-view\\server\\routes\\projectRoutes.js","statementMap":{"0":{"start":{"line":2,"column":16},"end":{"line":2,"column":34}},"1":{"start":{"line":3,"column":15},"end":{"line":3,"column":31}},"2":{"start":{"line":4,"column":16},"end":{"line":4,"column":44}},"3":{"start":{"line":5,"column":14},"end":{"line":5,"column":40}},"4":{"start":{"line":8,"column":0},"end":{"line":16,"column":3}},"5":{"start":{"line":9,"column":2},"end":{"line":15,"column":3}},"6":{"start":{"line":10,"column":21},"end":{"line":10,"column":41}},"7":{"start":{"line":11,"column":4},"end":{"line":11,"column":23}},"8":{"start":{"line":13,"column":4},"end":{"line":13,"column":51}},"9":{"start":{"line":14,"column":4},"end":{"line":14,"column":51}},"10":{"start":{"line":19,"column":0},"end":{"line":28,"column":3}},"11":{"start":{"line":20,"column":2},"end":{"line":27,"column":3}},"12":{"start":{"line":21,"column":20},"end":{"line":21,"column":57}},"13":{"start":{"line":22,"column":4},"end":{"line":22,"column":80}},"14":{"start":{"line":22,"column":18},"end":{"line":22,"column":80}},"15":{"start":{"line":23,"column":4},"end":{"line":23,"column":22}},"16":{"start":{"line":25,"column":4},"end":{"line":25,"column":50}},"17":{"start":{"line":26,"column":4},"end":{"line":26,"column":51}},"18":{"start":{"line":31,"column":0},"end":{"line":71,"column":3}},"19":{"start":{"line":32,"column":2},"end":{"line":70,"column":3}},"20":{"start":{"line":33,"column":4},"end":{"line":33,"column":66}},"21":{"start":{"line":36,"column":26},"end":{"line":36,"column":54}},"22":{"start":{"line":38,"column":4},"end":{"line":43,"column":5}},"23":{"start":{"line":39,"column":6},"end":{"line":39,"column":94}},"24":{"start":{"line":41,"column":6},"end":{"line":41,"column":19}},"25":{"start":{"line":42,"column":6},"end":{"line":42,"column":13}},"26":{"start":{"line":46,"column":20},"end":{"line":46,"column":57}},"27":{"start":{"line":47,"column":4},"end":{"line":51,"column":5}},"28":{"start":{"line":48,"column":6},"end":{"line":48,"column":55}},"29":{"start":{"line":49,"column":6},"end":{"line":49,"column":19}},"30":{"start":{"line":50,"column":6},"end":{"line":50,"column":13}},"31":{"start":{"line":53,"column":19},"end":{"line":58,"column":6}},"32":{"start":{"line":60,"column":4},"end":{"line":64,"column":9}},"33":{"start":{"line":60,"column":77},"end":{"line":64,"column":5}},"34":{"start":{"line":66,"column":4},"end":{"line":66,"column":21}},"35":{"start":{"line":68,"column":4},"end":{"line":68,"column":57}},"36":{"start":{"line":69,"column":4},"end":{"line":69,"column":51}},"37":{"start":{"line":74,"column":0},"end":{"line":97,"column":3}},"38":{"start":{"line":75,"column":2},"end":{"line":75,"column":59}},"39":{"start":{"line":77,"column":2},"end":{"line":96,"column":3}},"40":{"start":{"line":78,"column":20},"end":{"line":88,"column":6}},"41":{"start":{"line":90,"column":23},"end":{"line":90,"column":43}},"42":{"start":{"line":91,"column":4},"end":{"line":91,"column":61}},"43":{"start":{"line":92,"column":4},"end":{"line":92,"column":37}},"44":{"start":{"line":94,"column":4},"end":{"line":94,"column":50}},"45":{"start":{"line":95,"column":4},"end":{"line":95,"column":51}},"46":{"start":{"line":100,"column":0},"end":{"line":117,"column":3}},"47":{"start":{"line":101,"column":2},"end":{"line":116,"column":3}},"48":{"start":{"line":102,"column":20},"end":{"line":102,"column":57}},"49":{"start":{"line":103,"column":4},"end":{"line":103,"column":80}},"50":{"start":{"line":103,"column":18},"end":{"line":103,"column":80}},"51":{"start":{"line":106,"column":4},"end":{"line":110,"column":7}},"52":{"start":{"line":107,"column":6},"end":{"line":109,"column":7}},"53":{"start":{"line":108,"column":8},"end":{"line":108,"column":37}},"54":{"start":{"line":112,"column":27},"end":{"line":112,"column":47}},"55":{"start":{"line":113,"column":4},"end":{"line":113,"column":29}},"56":{"start":{"line":115,"column":4},"end":{"line":115,"column":51}},"57":{"start":{"line":120,"column":0},"end":{"line":136,"column":3}},"58":{"start":{"line":121,"column":2},"end":{"line":135,"column":3}},"59":{"start":{"line":122,"column":20},"end":{"line":122,"column":57}},"60":{"start":{"line":123,"column":4},"end":{"line":123,"column":80}},"61":{"start":{"line":123,"column":18},"end":{"line":123,"column":80}},"62":{"start":{"line":126,"column":4},"end":{"line":129,"column":6}},"63":{"start":{"line":131,"column":4},"end":{"line":131,"column":30}},"64":{"start":{"line":132,"column":4},"end":{"line":132,"column":58}},"65":{"start":{"line":134,"column":4},"end":{"line":134,"column":51}},"66":{"start":{"line":138,"column":0},"end":{"line":138,"column":24}}},"fnMap":{"0":{"name":"(anonymous_0)","decl":{"start":{"line":8,"column":16},"end":{"line":8,"column":17}},"loc":{"start":{"line":8,"column":36},"end":{"line":16,"column":1}},"line":8},"1":{"name":"(anonymous_1)","decl":{"start":{"line":19,"column":19},"end":{"line":19,"column":20}},"loc":{"start":{"line":19,"column":39},"end":{"line":28,"column":1}},"line":19},"2":{"name":"(anonymous_2)","decl":{"start":{"line":31,"column":26},"end":{"line":31,"column":27}},"loc":{"start":{"line":31,"column":46},"end":{"line":71,"column":1}},"line":31},"3":{"name":"(anonymous_3)","decl":{"start":{"line":60,"column":71},"end":{"line":60,"column":72}},"loc":{"start":{"line":60,"column":77},"end":{"line":64,"column":5}},"line":60},"4":{"name":"(anonymous_4)","decl":{"start":{"line":74,"column":17},"end":{"line":74,"column":18}},"loc":{"start":{"line":74,"column":37},"end":{"line":97,"column":1}},"line":74},"5":{"name":"(anonymous_5)","decl":{"start":{"line":100,"column":21},"end":{"line":100,"column":22}},"loc":{"start":{"line":100,"column":41},"end":{"line":117,"column":1}},"line":100},"6":{"name":"(anonymous_6)","decl":{"start":{"line":106,"column":34},"end":{"line":106,"column":35}},"loc":{"start":{"line":106,"column":41},"end":{"line":110,"column":5}},"line":106},"7":{"name":"(anonymous_7)","decl":{"start":{"line":120,"column":22},"end":{"line":120,"column":23}},"loc":{"start":{"line":120,"column":42},"end":{"line":136,"column":1}},"line":120}},"branchMap":{"0":{"loc":{"start":{"line":22,"column":4},"end":{"line":22,"column":80}},"type":"if","locations":[{"start":{"line":22,"column":4},"end":{"line":22,"column":80}},{"start":{},"end":{}}],"line":22},"1":{"loc":{"start":{"line":38,"column":4},"end":{"line":43,"column":5}},"type":"if","locations":[{"start":{"line":38,"column":4},"end":{"line":43,"column":5}},{"start":{},"end":{}}],"line":38},"2":{"loc":{"start":{"line":47,"column":4},"end":{"line":51,"column":5}},"type":"if","locations":[{"start":{"line":47,"column":4},"end":{"line":51,"column":5}},{"start":{},"end":{}}],"line":47},"3":{"loc":{"start":{"line":80,"column":19},"end":{"line":80,"column":45}},"type":"binary-expr","locations":[{"start":{"line":80,"column":19},"end":{"line":80,"column":39}},{"start":{"line":80,"column":43},"end":{"line":80,"column":45}}],"line":80},"4":{"loc":{"start":{"line":81,"column":14},"end":{"line":81,"column":41}},"type":"binary-expr","locations":[{"start":{"line":81,"column":14},"end":{"line":81,"column":29}},{"start":{"line":81,"column":33},"end":{"line":81,"column":41}}],"line":81},"5":{"loc":{"start":{"line":85,"column":18},"end":{"line":85,"column":43}},"type":"binary-expr","locations":[{"start":{"line":85,"column":18},"end":{"line":85,"column":37}},{"start":{"line":85,"column":41},"end":{"line":85,"column":43}}],"line":85},"6":{"loc":{"start":{"line":86,"column":16},"end":{"line":86,"column":45}},"type":"binary-expr","locations":[{"start":{"line":86,"column":16},"end":{"line":86,"column":33}},{"start":{"line":86,"column":37},"end":{"line":86,"column":45}}],"line":86},"7":{"loc":{"start":{"line":87,"column":12},"end":{"line":87,"column":31}},"type":"binary-expr","locations":[{"start":{"line":87,"column":12},"end":{"line":87,"column":25}},{"start":{"line":87,"column":29},"end":{"line":87,"column":31}}],"line":87},"8":{"loc":{"start":{"line":103,"column":4},"end":{"line":103,"column":80}},"type":"if","locations":[{"start":{"line":103,"column":4},"end":{"line":103,"column":80}},{"start":{},"end":{}}],"line":103},"9":{"loc":{"start":{"line":107,"column":6},"end":{"line":109,"column":7}},"type":"if","locations":[{"start":{"line":107,"column":6},"end":{"line":109,"column":7}},{"start":{},"end":{}}],"line":107},"10":{"loc":{"start":{"line":107,"column":10},"end":{"line":107,"column":40}},"type":"binary-expr","locations":[{"start":{"line":107,"column":10},"end":{"line":107,"column":23}},{"start":{"line":107,"column":27},"end":{"line":107,"column":40}}],"line":107},"11":{"loc":{"start":{"line":123,"column":4},"end":{"line":123,"column":80}},"type":"if","locations":[{"start":{"line":123,"column":4},"end":{"line":123,"column":80}},{"start":{},"end":{}}],"line":123}},"s":{"0":1,"1":1,"2":1,"3":1,"4":1,"5":0,"6":0,"7":0,"8":0,"9":0,"10":1,"11":0,"12":0,"13":0,"14":0,"15":0,"16":0,"17":0,"18":1,"19":0,"20":0,"21":0,"22":0,"23":0,"24":0,"25":0,"26":0,"27":0,"28":0,"29":0,"30":0,"31":0,"32":0,"33":0,"34":0,"35":0,"36":0,"37":1,"38":0,"39":0,"40":0,"41":0,"42":0,"43":0,"44":0,"45":0,"46":1,"47":0,"48":0,"49":0,"50":0,"51":0,"52":0,"53":0,"54":0,"55":0,"56":0,"57":1,"58":0,"59":0,"60":0,"61":0,"62":0,"63":0,"64":0,"65":0,"66":1},"f":{"0":0,"1":0,"2":0,"3":0,"4":0,"5":0,"6":0,"7":0},"b":{"0":[0,0],"1":[0,0],"2":[0,0],"3":[0,0],"4":[0,0],"5":[0,0],"6":[0,0],"7":[0,0],"8":[0,0],"9":[0,0],"10":[0,0],"11":[0,0]},"_coverageSchema":"1a1c01bbd47fc00a2c39e90264f33305004495a9","hash":"e8643fa3c0f53b17f5b78395f30edae3a736af58"}
,"C:\\Users\\mariembj\\Desktop\\aura-modern-view\\server\\routes\\statsRoutes.js": {"path":"C:\\Users\\mariembj\\Desktop\\aura-modern-view\\server\\routes\\statsRoutes.js","statementMap":{"0":{"start":{"line":2,"column":16},"end":{"line":2,"column":34}},"1":{"start":{"line":3,"column":15},"end":{"line":3,"column":31}},"2":{"start":{"line":4,"column":14},"end":{"line":4,"column":40}},"3":{"start":{"line":5,"column":16},"end":{"line":5,"column":44}},"4":{"start":{"line":6,"column":20},"end":{"line":6,"column":52}},"5":{"start":{"line":9,"column":0},"end":{"line":78,"column":3}},"6":{"start":{"line":10,"column":2},"end":{"line":77,"column":3}},"7":{"start":{"line":11,"column":24},"end":{"line":11,"column":52}},"8":{"start":{"line":14,"column":4},"end":{"line":14,"column":47}},"9":{"start":{"line":15,"column":24},"end":{"line":15,"column":46}},"10":{"start":{"line":16,"column":4},"end":{"line":16,"column":59}},"11":{"start":{"line":17,"column":4},"end":{"line":21,"column":9}},"12":{"start":{"line":17,"column":58},"end":{"line":21,"column":5}},"13":{"start":{"line":23,"column":26},"end":{"line":23,"column":56}},"14":{"start":{"line":24,"column":4},"end":{"line":24,"column":71}},"15":{"start":{"line":25,"column":4},"end":{"line":25,"column":51}},"16":{"start":{"line":28,"column":36},"end":{"line":30,"column":6}},"17":{"start":{"line":33,"column":24},"end":{"line":36,"column":6}},"18":{"start":{"line":38,"column":4},"end":{"line":43,"column":7}},"19":{"start":{"line":45,"column":18},"end":{"line":70,"column":5}},"20":{"start":{"line":72,"column":4},"end":{"line":72,"column":51}},"21":{"start":{"line":73,"column":4},"end":{"line":73,"column":20}},"22":{"start":{"line":75,"column":4},"end":{"line":75,"column":60}},"23":{"start":{"line":76,"column":4},"end":{"line":76,"column":94}},"24":{"start":{"line":81,"column":0},"end":{"line":150,"column":3}},"25":{"start":{"line":82,"column":2},"end":{"line":149,"column":3}},"26":{"start":{"line":83,"column":24},"end":{"line":83,"column":52}},"27":{"start":{"line":86,"column":4},"end":{"line":86,"column":54}},"28":{"start":{"line":87,"column":24},"end":{"line":87,"column":46}},"29":{"start":{"line":88,"column":4},"end":{"line":88,"column":59}},"30":{"start":{"line":89,"column":4},"end":{"line":93,"column":9}},"31":{"start":{"line":89,"column":58},"end":{"line":93,"column":5}},"32":{"start":{"line":95,"column":26},"end":{"line":95,"column":56}},"33":{"start":{"line":96,"column":4},"end":{"line":96,"column":71}},"34":{"start":{"line":97,"column":4},"end":{"line":97,"column":58}},"35":{"start":{"line":100,"column":36},"end":{"line":102,"column":6}},"36":{"start":{"line":105,"column":24},"end":{"line":108,"column":6}},"37":{"start":{"line":110,"column":4},"end":{"line":115,"column":7}},"38":{"start":{"line":117,"column":18},"end":{"line":142,"column":5}},"39":{"start":{"line":144,"column":4},"end":{"line":144,"column":48}},"40":{"start":{"line":145,"column":4},"end":{"line":145,"column":20}},"41":{"start":{"line":147,"column":4},"end":{"line":147,"column":57}},"42":{"start":{"line":148,"column":4},"end":{"line":148,"column":91}},"43":{"start":{"line":152,"column":0},"end":{"line":152,"column":24}}},"fnMap":{"0":{"name":"(anonymous_0)","decl":{"start":{"line":9,"column":25},"end":{"line":9,"column":26}},"loc":{"start":{"line":9,"column":45},"end":{"line":78,"column":1}},"line":9},"1":{"name":"(anonymous_1)","decl":{"start":{"line":17,"column":52},"end":{"line":17,"column":53}},"loc":{"start":{"line":17,"column":58},"end":{"line":21,"column":5}},"line":17},"2":{"name":"(anonymous_2)","decl":{"start":{"line":81,"column":22},"end":{"line":81,"column":23}},"loc":{"start":{"line":81,"column":42},"end":{"line":150,"column":1}},"line":81},"3":{"name":"(anonymous_3)","decl":{"start":{"line":89,"column":52},"end":{"line":89,"column":53}},"loc":{"start":{"line":89,"column":58},"end":{"line":93,"column":5}},"line":89}},"branchMap":{},"s":{"0":1,"1":1,"2":1,"3":1,"4":1,"5":1,"6":0,"7":0,"8":0,"9":0,"10":0,"11":0,"12":0,"13":0,"14":0,"15":0,"16":0,"17":0,"18":0,"19":0,"20":0,"21":0,"22":0,"23":0,"24":1,"25":0,"26":0,"27":0,"28":0,"29":0,"30":0,"31":0,"32":0,"33":0,"34":0,"35":0,"36":0,"37":0,"38":0,"39":0,"40":0,"41":0,"42":0,"43":1},"f":{"0":0,"1":0,"2":0,"3":0},"b":{},"_coverageSchema":"1a1c01bbd47fc00a2c39e90264f33305004495a9","hash":"0ecf8efb612af4f858da2c2e8a6b928dec01ab4a"}
,"C:\\Users\\mariembj\\Desktop\\aura-modern-view\\server\\routes\\userRoutes.js": {"path":"C:\\Users\\mariembj\\Desktop\\aura-modern-view\\server\\routes\\userRoutes.js","statementMap":{"0":{"start":{"line":2,"column":16},"end":{"line":2,"column":34}},"1":{"start":{"line":3,"column":15},"end":{"line":3,"column":31}},"2":{"start":{"line":4,"column":12},"end":{"line":4,"column":35}},"3":{"start":{"line":5,"column":13},"end":{"line":5,"column":38}},"4":{"start":{"line":6,"column":13},"end":{"line":6,"column":42}},"5":{"start":{"line":9,"column":22},"end":{"line":13,"column":1}},"6":{"start":{"line":10,"column":2},"end":{"line":12,"column":5}},"7":{"start":{"line":16,"column":0},"end":{"line":27,"column":3}},"8":{"start":{"line":17,"column":2},"end":{"line":26,"column":3}},"9":{"start":{"line":18,"column":4},"end":{"line":20,"column":5}},"10":{"start":{"line":19,"column":6},"end":{"line":19,"column":89}},"11":{"start":{"line":22,"column":18},"end":{"line":22,"column":55}},"12":{"start":{"line":23,"column":4},"end":{"line":23,"column":20}},"13":{"start":{"line":25,"column":4},"end":{"line":25,"column":51}},"14":{"start":{"line":30,"column":0},"end":{"line":38,"column":3}},"15":{"start":{"line":31,"column":2},"end":{"line":37,"column":3}},"16":{"start":{"line":32,"column":17},"end":{"line":32,"column":71}},"17":{"start":{"line":33,"column":4},"end":{"line":33,"column":74}},"18":{"start":{"line":33,"column":15},"end":{"line":33,"column":74}},"19":{"start":{"line":34,"column":4},"end":{"line":34,"column":19}},"20":{"start":{"line":36,"column":4},"end":{"line":36,"column":51}},"21":{"start":{"line":41,"column":0},"end":{"line":77,"column":3}},"22":{"start":{"line":42,"column":2},"end":{"line":76,"column":3}},"23":{"start":{"line":43,"column":56},"end":{"line":43,"column":64}},"24":{"start":{"line":46,"column":23},"end":{"line":46,"column":52}},"25":{"start":{"line":47,"column":4},"end":{"line":49,"column":5}},"26":{"start":{"line":48,"column":6},"end":{"line":48,"column":70}},"27":{"start":{"line":51,"column":17},"end":{"line":57,"column":6}},"28":{"start":{"line":59,"column":20},"end":{"line":59,"column":37}},"29":{"start":{"line":62,"column":25},"end":{"line":71,"column":5}},"30":{"start":{"line":73,"column":4},"end":{"line":73,"column":49}},"31":{"start":{"line":75,"column":4},"end":{"line":75,"column":51}},"32":{"start":{"line":80,"column":0},"end":{"line":109,"column":3}},"33":{"start":{"line":81,"column":2},"end":{"line":108,"column":3}},"34":{"start":{"line":83,"column":4},"end":{"line":85,"column":5}},"35":{"start":{"line":84,"column":6},"end":{"line":84,"column":85}},"36":{"start":{"line":87,"column":17},"end":{"line":87,"column":51}},"37":{"start":{"line":88,"column":4},"end":{"line":88,"column":74}},"38":{"start":{"line":88,"column":15},"end":{"line":88,"column":74}},"39":{"start":{"line":90,"column":4},"end":{"line":90,"column":49}},"40":{"start":{"line":90,"column":23},"end":{"line":90,"column":49}},"41":{"start":{"line":91,"column":4},"end":{"line":91,"column":52}},"42":{"start":{"line":91,"column":24},"end":{"line":91,"column":52}},"43":{"start":{"line":92,"column":4},"end":{"line":92,"column":61}},"44":{"start":{"line":92,"column":27},"end":{"line":92,"column":61}},"45":{"start":{"line":95,"column":4},"end":{"line":99,"column":5}},"46":{"start":{"line":96,"column":6},"end":{"line":96,"column":51}},"47":{"start":{"line":96,"column":25},"end":{"line":96,"column":51}},"48":{"start":{"line":97,"column":6},"end":{"line":97,"column":69}},"49":{"start":{"line":97,"column":31},"end":{"line":97,"column":69}},"50":{"start":{"line":98,"column":6},"end":{"line":98,"column":57}},"51":{"start":{"line":98,"column":27},"end":{"line":98,"column":57}},"52":{"start":{"line":101,"column":24},"end":{"line":101,"column":41}},"53":{"start":{"line":102,"column":25},"end":{"line":102,"column":48}},"54":{"start":{"line":103,"column":4},"end":{"line":103,"column":33}},"55":{"start":{"line":105,"column":4},"end":{"line":105,"column":27}},"56":{"start":{"line":107,"column":4},"end":{"line":107,"column":51}},"57":{"start":{"line":112,"column":0},"end":{"line":126,"column":3}},"58":{"start":{"line":113,"column":2},"end":{"line":125,"column":3}},"59":{"start":{"line":114,"column":4},"end":{"line":116,"column":5}},"60":{"start":{"line":115,"column":6},"end":{"line":115,"column":81}},"61":{"start":{"line":118,"column":17},"end":{"line":118,"column":51}},"62":{"start":{"line":119,"column":4},"end":{"line":119,"column":74}},"63":{"start":{"line":119,"column":15},"end":{"line":119,"column":74}},"64":{"start":{"line":121,"column":4},"end":{"line":121,"column":27}},"65":{"start":{"line":122,"column":4},"end":{"line":122,"column":55}},"66":{"start":{"line":124,"column":4},"end":{"line":124,"column":51}},"67":{"start":{"line":129,"column":0},"end":{"line":173,"column":3}},"68":{"start":{"line":130,"column":2},"end":{"line":172,"column":3}},"69":{"start":{"line":131,"column":32},"end":{"line":131,"column":40}},"70":{"start":{"line":133,"column":4},"end":{"line":133,"column":45}},"71":{"start":{"line":136,"column":17},"end":{"line":136,"column":46}},"72":{"start":{"line":138,"column":4},"end":{"line":141,"column":5}},"73":{"start":{"line":139,"column":6},"end":{"line":139,"column":44}},"74":{"start":{"line":140,"column":6},"end":{"line":140,"column":76}},"75":{"start":{"line":144,"column":20},"end":{"line":144,"column":56}},"76":{"start":{"line":146,"column":4},"end":{"line":149,"column":5}},"77":{"start":{"line":147,"column":6},"end":{"line":147,"column":51}},"78":{"start":{"line":148,"column":6},"end":{"line":148,"column":76}},"79":{"start":{"line":152,"column":4},"end":{"line":152,"column":32}},"80":{"start":{"line":153,"column":4},"end":{"line":153,"column":22}},"81":{"start":{"line":155,"column":4},"end":{"line":155,"column":48}},"82":{"start":{"line":157,"column":4},"end":{"line":168,"column":7}},"83":{"start":{"line":170,"column":4},"end":{"line":170,"column":39}},"84":{"start":{"line":171,"column":4},"end":{"line":171,"column":67}},"85":{"start":{"line":176,"column":0},"end":{"line":182,"column":3}},"86":{"start":{"line":177,"column":2},"end":{"line":181,"column":3}},"87":{"start":{"line":178,"column":4},"end":{"line":178,"column":47}},"88":{"start":{"line":180,"column":4},"end":{"line":180,"column":51}},"89":{"start":{"line":185,"column":0},"end":{"line":192,"column":3}},"90":{"start":{"line":186,"column":2},"end":{"line":191,"column":3}},"91":{"start":{"line":187,"column":17},"end":{"line":187,"column":70}},"92":{"start":{"line":188,"column":4},"end":{"line":188,"column":19}},"93":{"start":{"line":190,"column":4},"end":{"line":190,"column":51}},"94":{"start":{"line":194,"column":0},"end":{"line":194,"column":24}}},"fnMap":{"0":{"name":"(anonymous_0)","decl":{"start":{"line":9,"column":22},"end":{"line":9,"column":23}},"loc":{"start":{"line":9,"column":30},"end":{"line":13,"column":1}},"line":9},"1":{"name":"(anonymous_1)","decl":{"start":{"line":16,"column":22},"end":{"line":16,"column":23}},"loc":{"start":{"line":16,"column":42},"end":{"line":27,"column":1}},"line":16},"2":{"name":"(anonymous_2)","decl":{"start":{"line":30,"column":25},"end":{"line":30,"column":26}},"loc":{"start":{"line":30,"column":45},"end":{"line":38,"column":1}},"line":30},"3":{"name":"(anonymous_3)","decl":{"start":{"line":41,"column":17},"end":{"line":41,"column":18}},"loc":{"start":{"line":41,"column":37},"end":{"line":77,"column":1}},"line":41},"4":{"name":"(anonymous_4)","decl":{"start":{"line":80,"column":27},"end":{"line":80,"column":28}},"loc":{"start":{"line":80,"column":47},"end":{"line":109,"column":1}},"line":80},"5":{"name":"(anonymous_5)","decl":{"start":{"line":112,"column":28},"end":{"line":112,"column":29}},"loc":{"start":{"line":112,"column":48},"end":{"line":126,"column":1}},"line":112},"6":{"name":"(anonymous_6)","decl":{"start":{"line":129,"column":22},"end":{"line":129,"column":23}},"loc":{"start":{"line":129,"column":42},"end":{"line":173,"column":1}},"line":129},"7":{"name":"(anonymous_7)","decl":{"start":{"line":176,"column":23},"end":{"line":176,"column":24}},"loc":{"start":{"line":176,"column":37},"end":{"line":182,"column":1}},"line":176},"8":{"name":"(anonymous_8)","decl":{"start":{"line":185,"column":32},"end":{"line":185,"column":33}},"loc":{"start":{"line":185,"column":52},"end":{"line":192,"column":1}},"line":185}},"branchMap":{"0":{"loc":{"start":{"line":10,"column":26},"end":{"line":10,"column":78}},"type":"binary-expr","locations":[{"start":{"line":10,"column":26},"end":{"line":10,"column":48}},{"start":{"line":10,"column":52},"end":{"line":10,"column":78}}],"line":10},"1":{"loc":{"start":{"line":11,"column":15},"end":{"line":11,"column":46}},"type":"binary-expr","locations":[{"start":{"line":11,"column":15},"end":{"line":11,"column":37}},{"start":{"line":11,"column":41},"end":{"line":11,"column":46}}],"line":11},"2":{"loc":{"start":{"line":18,"column":4},"end":{"line":20,"column":5}},"type":"if","locations":[{"start":{"line":18,"column":4},"end":{"line":20,"column":5}},{"start":{},"end":{}}],"line":18},"3":{"loc":{"start":{"line":33,"column":4},"end":{"line":33,"column":74}},"type":"if","locations":[{"start":{"line":33,"column":4},"end":{"line":33,"column":74}},{"start":{},"end":{}}],"line":33},"4":{"loc":{"start":{"line":47,"column":4},"end":{"line":49,"column":5}},"type":"if","locations":[{"start":{"line":47,"column":4},"end":{"line":49,"column":5}},{"start":{},"end":{}}],"line":47},"5":{"loc":{"start":{"line":55,"column":12},"end":{"line":55,"column":26}},"type":"binary-expr","locations":[{"start":{"line":55,"column":12},"end":{"line":55,"column":16}},{"start":{"line":55,"column":20},"end":{"line":55,"column":26}}],"line":55},"6":{"loc":{"start":{"line":56,"column":18},"end":{"line":56,"column":41}},"type":"binary-expr","locations":[{"start":{"line":56,"column":18},"end":{"line":56,"column":28}},{"start":{"line":56,"column":32},"end":{"line":56,"column":41}}],"line":56},"7":{"loc":{"start":{"line":83,"column":4},"end":{"line":85,"column":5}},"type":"if","locations":[{"start":{"line":83,"column":4},"end":{"line":85,"column":5}},{"start":{},"end":{}}],"line":83},"8":{"loc":{"start":{"line":83,"column":8},"end":{"line":83,"column":78}},"type":"binary-expr","locations":[{"start":{"line":83,"column":8},"end":{"line":83,"column":33}},{"start":{"line":83,"column":37},"end":{"line":83,"column":78}}],"line":83},"9":{"loc":{"start":{"line":88,"column":4},"end":{"line":88,"column":74}},"type":"if","locations":[{"start":{"line":88,"column":4},"end":{"line":88,"column":74}},{"start":{},"end":{}}],"line":88},"10":{"loc":{"start":{"line":90,"column":4},"end":{"line":90,"column":49}},"type":"if","locations":[{"start":{"line":90,"column":4},"end":{"line":90,"column":49}},{"start":{},"end":{}}],"line":90},"11":{"loc":{"start":{"line":91,"column":4},"end":{"line":91,"column":52}},"type":"if","locations":[{"start":{"line":91,"column":4},"end":{"line":91,"column":52}},{"start":{},"end":{}}],"line":91},"12":{"loc":{"start":{"line":92,"column":4},"end":{"line":92,"column":61}},"type":"if","locations":[{"start":{"line":92,"column":4},"end":{"line":92,"column":61}},{"start":{},"end":{}}],"line":92},"13":{"loc":{"start":{"line":95,"column":4},"end":{"line":99,"column":5}},"type":"if","locations":[{"start":{"line":95,"column":4},"end":{"line":99,"column":5}},{"start":{},"end":{}}],"line":95},"14":{"loc":{"start":{"line":96,"column":6},"end":{"line":96,"column":51}},"type":"if","locations":[{"start":{"line":96,"column":6},"end":{"line":96,"column":51}},{"start":{},"end":{}}],"line":96},"15":{"loc":{"start":{"line":97,"column":6},"end":{"line":97,"column":69}},"type":"if","locations":[{"start":{"line":97,"column":6},"end":{"line":97,"column":69}},{"start":{},"end":{}}],"line":97},"16":{"loc":{"start":{"line":98,"column":6},"end":{"line":98,"column":57}},"type":"if","locations":[{"start":{"line":98,"column":6},"end":{"line":98,"column":57}},{"start":{},"end":{}}],"line":98},"17":{"loc":{"start":{"line":114,"column":4},"end":{"line":116,"column":5}},"type":"if","locations":[{"start":{"line":114,"column":4},"end":{"line":116,"column":5}},{"start":{},"end":{}}],"line":114},"18":{"loc":{"start":{"line":119,"column":4},"end":{"line":119,"column":74}},"type":"if","locations":[{"start":{"line":119,"column":4},"end":{"line":119,"column":74}},{"start":{},"end":{}}],"line":119},"19":{"loc":{"start":{"line":138,"column":4},"end":{"line":141,"column":5}},"type":"if","locations":[{"start":{"line":138,"column":4},"end":{"line":141,"column":5}},{"start":{},"end":{}}],"line":138},"20":{"loc":{"start":{"line":146,"column":4},"end":{"line":149,"column":5}},"type":"if","locations":[{"start":{"line":146,"column":4},"end":{"line":149,"column":5}},{"start":{},"end":{}}],"line":146}},"s":{"0":1,"1":1,"2":1,"3":1,"4":1,"5":1,"6":0,"7":1,"8":0,"9":0,"10":0,"11":0,"12":0,"13":0,"14":1,"15":0,"16":0,"17":0,"18":0,"19":0,"20":0,"21":1,"22":0,"23":0,"24":0,"25":0,"26":0,"27":0,"28":0,"29":0,"30":0,"31":0,"32":1,"33":0,"34":0,"35":0,"36":0,"37":0,"38":0,"39":0,"40":0,"41":0,"42":0,"43":0,"44":0,"45":0,"46":0,"47":0,"48":0,"49":0,"50":0,"51":0,"52":0,"53":0,"54":0,"55":0,"56":0,"57":1,"58":0,"59":0,"60":0,"61":0,"62":0,"63":0,"64":0,"65":0,"66":0,"67":1,"68":0,"69":0,"70":0,"71":0,"72":0,"73":0,"74":0,"75":0,"76":0,"77":0,"78":0,"79":0,"80":0,"81":0,"82":0,"83":0,"84":0,"85":1,"86":0,"87":0,"88":0,"89":1,"90":0,"91":0,"92":0,"93":0,"94":1},"f":{"0":0,"1":0,"2":0,"3":0,"4":0,"5":0,"6":0,"7":0,"8":0},"b":{"0":[0,0],"1":[0,0],"2":[0,0],"3":[0,0],"4":[0,0],"5":[0,0],"6":[0,0],"7":[0,0],"8":[0,0],"9":[0,0],"10":[0,0],"11":[0,0],"12":[0,0],"13":[0,0],"14":[0,0],"15":[0,0],"16":[0,0],"17":[0,0],"18":[0,0],"19":[0,0],"20":[0,0]},"_coverageSchema":"1a1c01bbd47fc00a2c39e90264f33305004495a9","hash":"402dda856c6ee5c414f34e8fe438fc0cd086e07f"}
}
